C:\USERS\李峰\DOCUMENTS\VISUAL STUDIO 2012\PROJECTS\SIMILARITY\SIMILARITY\SIMILARITY\RELEASE\TEST.OBJ
C:\USERS\李峰\DOCUMENTS\VISUAL STUDIO 2012\PROJECTS\SIMILARITY\SIMILARITY\SIMILARITY\RELEASE\SIMILARITY.OBJ
C:\USERS\李峰\DOCUMENTS\VISUAL STUDIO 2012\PROJECTS\SIMILARITY\SIMILARITY\SIMILARITY\RELEASE\DEMO.OBJ
C:\USERS\李峰\DOCUMENTS\VISUAL STUDIO 2012\PROJECTS\SIMILARITY\SIMILARITY\SIMILARITY\RELEASE\VC110.PDB
C:\USERS\李峰\DOCUMENTS\VISUAL STUDIO 2012\PROJECTS\SIMILARITY\SIMILARITY\RELEASE\SIMILARITY.EXE
C:\USERS\李峰\DOCUMENTS\VISUAL STUDIO 2012\PROJECTS\SIMILARITY\SIMILARITY\RELEASE\SIMILARITY.PDB
C:\Users\李峰\Documents\Visual Studio 2012\Projects\Similarity\Similarity\Similarity\Release\demo.obj
C:\Users\李峰\Documents\Visual Studio 2012\Projects\Similarity\Similarity\Similarity\Release\Similarity.obj
C:\Users\李峰\Documents\Visual Studio 2012\Projects\Similarity\Similarity\Similarity\Release\test.obj
C:\Users\李峰\Documents\Visual Studio 2012\Projects\Similarity\Similarity\Similarity\Release\cl.command.1.tlog
C:\Users\李峰\Documents\Visual Studio 2012\Projects\Similarity\Similarity\Similarity\Release\CL.read.1.tlog
C:\Users\李峰\Documents\Visual Studio 2012\Projects\Similarity\Similarity\Similarity\Release\CL.write.1.tlog
C:\Users\李峰\Documents\Visual Studio 2012\Projects\Similarity\Similarity\Similarity\Release\link-cvtres.read.1.tlog
C:\Users\李峰\Documents\Visual Studio 2012\Projects\Similarity\Similarity\Similarity\Release\link-cvtres.write.1.tlog
C:\Users\李峰\Documents\Visual Studio 2012\Projects\Similarity\Similarity\Similarity\Release\link-rc.read.1.tlog
C:\Users\李峰\Documents\Visual Studio 2012\Projects\Similarity\Similarity\Similarity\Release\link-rc.write.1.tlog
C:\Users\李峰\Documents\Visual Studio 2012\Projects\Similarity\Similarity\Similarity\Release\link.command.1.tlog
C:\Users\李峰\Documents\Visual Studio 2012\Projects\Similarity\Similarity\Similarity\Release\link.read.1.tlog
C:\Users\李峰\Documents\Visual Studio 2012\Projects\Similarity\Similarity\Similarity\Release\link.read.2.tlog
C:\Users\李峰\Documents\Visual Studio 2012\Projects\Similarity\Similarity\Similarity\Release\link.read.4.tlog
C:\Users\李峰\Documents\Visual Studio 2012\Projects\Similarity\Similarity\Similarity\Release\link.write.1.tlog
C:\Users\李峰\Documents\Visual Studio 2012\Projects\Similarity\Similarity\Similarity\Release\vc110.pdb
C:\Users\李峰\Documents\Visual Studio 2012\Projects\Similarity\Similarity\Release\Similarity.pdb
C:\Users\李峰\Documents\Visual Studio 2012\Projects\Similarity\Similarity\Release\Similarity.exe
