生成启动时间为 2019/2/20 13:48:19。
     1>项目“C:\Users\李峰\Documents\Visual Studio 2012\Projects\Similarity\Similarity\Similarity\Similarity.vcxproj”在节点 2 上(Rebuild 个目标)。
     1>ClCompile:
         D:\VS2012\VC\bin\CL.exe /c /I"C:\Users\李峰\Documents\Visual Studio 2012\Projects\Similarity\Similarity\cppjieba\include" /Zi /nologo /W3 /WX- /O2 /Oi /Oy- /GL /D _MBCS /Gm- /EHsc /MD /GS /Gy /fp:precise /Zc:wchar_t /Zc:forScope /Fo"Release\\" /Fd"Release\vc110.pdb" /Gd /TP /analyze- /errorReport:prompt ..\cppjieba\test\demo.cpp Similarity.cpp test.cpp
         demo.cpp
         Similarity.cpp
     1>c:\users\李峰\documents\visual studio 2012\projects\similarity\similarity\cppjieba\include\cppjieba\limonp/StringUtil.hpp(83): warning C4800: “int”: 将值强制为布尔值“true”或“false”(性能警告)
     1>Similarity.cpp(198): warning C4018: “<”: 有符号/无符号不匹配
     1>Similarity.cpp(203): warning C4018: “<”: 有符号/无符号不匹配
     1>Similarity.cpp(208): warning C4018: “<”: 有符号/无符号不匹配
         test.cpp
     1>c:\users\李峰\documents\visual studio 2012\projects\similarity\similarity\cppjieba\include\cppjieba\limonp/StringUtil.hpp(83): warning C4800: “int”: 将值强制为布尔值“true”或“false”(性能警告)
       Link:
         D:\VS2012\VC\bin\link.exe /ERRORREPORT:PROMPT /OUT:"C:\Users\李峰\Documents\Visual Studio 2012\Projects\Similarity\Similarity\Release\Similarity.exe" /NOLOGO kernel32.lib user32.lib gdi32.lib winspool.lib comdlg32.lib advapi32.lib shell32.lib ole32.lib oleaut32.lib uuid.lib odbc32.lib odbccp32.lib /MANIFEST /MANIFESTUAC:"level='asInvoker' uiAccess='false'" /manifest:embed /DEBUG /PDB:"C:\Users\李峰\Documents\Visual Studio 2012\Projects\Similarity\Similarity\Release\Similarity.pdb" /OPT:REF /OPT:ICF /LTCG /TLBID:1 /DYNAMICBASE /NXCOMPAT /IMPLIB:"C:\Users\李峰\Documents\Visual Studio 2012\Projects\Similarity\Similarity\Release\Similarity.lib" /MACHINE:X86 /SAFESEH Release\demo.obj
         Release\Similarity.obj
         Release\test.obj
         正在生成代码
     1>c:\users\李峰\documents\visual studio 2012\projects\similarity\similarity\similarity\similarity.cpp(62): warning C4715: “Similarity::getWordFreq”: 不是所有的控件路径都返回值
         已完成代码的生成
         Similarity.vcxproj -> C:\Users\李峰\Documents\Visual Studio 2012\Projects\Similarity\Similarity\Release\Similarity.exe
     1>已完成生成项目“C:\Users\李峰\Documents\Visual Studio 2012\Projects\Similarity\Similarity\Similarity\Similarity.vcxproj”(Rebuild 个目标)的操作。

生成成功。

已用时间 00:00:08.40
